2025-05-17 08:39:26,333 - system_monitor - INFO - System state changed, reporting...
2025-05-17 08:39:30,415 - system_monitor - ERROR - Failed to report state to API: HTTPConnectionPool(host='localhost', port=8000): Max retries exceeded with url: /api/status (Caused by NewConnectionError('<urllib3.connection.HTTPConnection object at 0x000001C0D6F6C2C0>: Failed to establish a new connection: [WinError 10061] No connection could be made because the target machine actively refused it'))
2025-05-17 08:58:53,346 - system_monitor - INFO - System state changed, reporting...
2025-05-17 08:58:57,442 - system_monitor - ERROR - Failed to report state to API: HTTPConnectionPool(host='localhost', port=8000): Max retries exceeded with url: /api/status (Caused by NewConnectionError('<urllib3.connection.HTTPConnection object at 0x000001F861AE02F0>: Failed to establish a new connection: [WinError 10061] No connection could be made because the target machine actively refused it'))
2025-05-17 08:58:57,520 - system_monitor - ERROR - Error during system check: 'details'
2025-05-17 09:00:08,153 - system_monitor - INFO - System state changed, reporting...
2025-05-17 09:00:12,241 - system_monitor - ERROR - Failed to report state to API: HTTPConnectionPool(host='localhost', port=8000): Max retries exceeded with url: /api/status (Caused by NewConnectionError('<urllib3.connection.HTTPConnection object at 0x00000238959A05F0>: Failed to establish a new connection: [WinError 10061] No connection could be made because the target machine actively refused it'))
2025-05-17 09:00:12,270 - system_monitor - ERROR - Error during system check: 'details'
2025-05-17 09:00:26,869 - system_monitor - ERROR - Error during system check: 'details'
2025-05-17 09:01:28,755 - system_monitor - INFO - System state changed, reporting...
2025-05-17 09:01:32,875 - system_monitor - ERROR - Failed to report state to API: HTTPConnectionPool(host='localhost', port=8000): Max retries exceeded with url: /api/status (Caused by NewConnectionError('<urllib3.connection.HTTPConnection object at 0x000001FD2F2594F0>: Failed to establish a new connection: [WinError 10061] No connection could be made because the target machine actively refused it'))
2025-05-17 09:55:52,163 - system_monitor - INFO - System state changed, reporting...
2025-05-17 09:55:54,234 - system_monitor - ERROR - Failed to report state to API: 422 Client Error: Unprocessable Entity for url: http://localhost:8000/api/status
2025-05-17 10:00:56,851 - system_monitor - INFO - System state changed, reporting...
2025-05-17 10:00:59,030 - system_monitor - INFO - Successfully reported state to API
2025-05-17 10:00:59,030 - system_monitor - ERROR - Error displaying system state: 'timestamp'
2025-05-17 10:02:12,100 - system_monitor - ERROR - Error displaying system state: 'timestamp'
2025-05-17 10:03:04,864 - system_monitor - INFO - System state changed, reporting...
2025-05-17 10:03:06,938 - system_monitor - INFO - Successfully reported state to API
2025-05-17 10:11:41,642 - system_monitor - INFO - System state changed, reporting...
2025-05-17 10:11:43,713 - system_monitor - INFO - Successfully reported state to API
2025-05-17 10:14:12,762 - system_monitor - INFO - System state changed, reporting...
2025-05-17 10:14:14,872 - system_monitor - INFO - Successfully reported state to API
2025-05-17 10:19:27,940 - system_monitor - INFO - System state changed, reporting...
2025-05-17 10:19:30,104 - system_monitor - INFO - Successfully reported state to API
